{"level":"\u001b[32minfo\u001b[39m","message":"{\"method\":\"POST\",\"url\":\"/api/users/signup\",\"status\":\"400\",\"responseTime\":\"1.187\"}","timestamp":"2025-01-19T15:40:49.997Z"}
{"level":"\u001b[32minfo\u001b[39m","message":"{\"method\":\"POST\",\"url\":\"/api/users/signup\",\"status\":\"400\",\"responseTime\":\"0.912\"}","timestamp":"2025-01-19T15:42:26.753Z"}
{"level":"\u001b[32minfo\u001b[39m","message":"{\"method\":\"POST\",\"url\":\"/api/users/signup\",\"status\":\"201\",\"responseTime\":\"96.715\"}","timestamp":"2025-01-19T15:42:34.454Z"}
{"level":"\u001b[32minfo\u001b[39m","message":"{\"method\":\"GET\",\"url\":\"/api/users/all\",\"status\":\"200\",\"responseTime\":\"51.816\"}","timestamp":"2025-01-19T15:43:33.420Z"}
{"level":"\u001b[32minfo\u001b[39m","message":"{\"method\":\"POST\",\"url\":\"/api/users/signup\",\"status\":\"400\",\"responseTime\":\"10.300\"}","timestamp":"2025-01-19T15:46:28.960Z"}
{"level":"\u001b[32minfo\u001b[39m","message":"{\"method\":\"POST\",\"url\":\"/api/users/signup\",\"status\":\"400\",\"responseTime\":\"1.223\"}","timestamp":"2025-01-19T15:46:52.110Z"}
{"level":"\u001b[32minfo\u001b[39m","message":"{\"method\":\"POST\",\"url\":\"/api/users/signup\",\"status\":\"400\",\"responseTime\":\"6.567\"}","timestamp":"2025-01-19T15:47:20.102Z"}
{"level":"\u001b[32minfo\u001b[39m","message":"{\"method\":\"POST\",\"url\":\"/api/users/signup\",\"status\":\"201\",\"responseTime\":\"92.087\"}","timestamp":"2025-01-19T15:48:15.533Z"}
{"level":"\u001b[32minfo\u001b[39m","message":"{\"method\":\"POST\",\"url\":\"/api/users/signup\",\"status\":\"201\",\"responseTime\":\"125.692\"}","timestamp":"2025-01-19T16:02:32.596Z"}
{"level":"\u001b[32minfo\u001b[39m","message":"{\"method\":\"POST\",\"url\":\"/api/users/signup\",\"status\":\"201\",\"responseTime\":\"87.901\"}","timestamp":"2025-01-19T16:02:50.446Z"}
{"level":"\u001b[32minfo\u001b[39m","message":"{\"method\":\"POST\",\"url\":\"/api/users/signup\",\"status\":\"400\",\"responseTime\":\"1.615\"}","timestamp":"2025-01-19T16:05:20.355Z"}
{"level":"\u001b[32minfo\u001b[39m","message":"{\"method\":\"POST\",\"url\":\"/api/users/signup\",\"status\":\"400\",\"responseTime\":\"9.657\"}","timestamp":"2025-01-19T16:06:05.469Z"}
{"level":"\u001b[32minfo\u001b[39m","message":"{\"method\":\"POST\",\"url\":\"/api/users/signup\",\"status\":\"400\",\"responseTime\":\"46.879\"}","timestamp":"2025-01-19T16:06:13.306Z"}
{"level":"\u001b[31merror\u001b[39m","message":"User validation failed: gender: Invalid gender","timestamp":"2025-01-19T16:21:01.923Z"}
{"level":"\u001b[32minfo\u001b[39m","message":"{\"method\":\"POST\",\"url\":\"/api/users/signup\",\"status\":\"400\",\"responseTime\":\"67.094\"}","timestamp":"2025-01-19T16:21:01.934Z"}
{"level":"\u001b[32minfo\u001b[39m","message":"{\"method\":\"POST\",\"url\":\"/api/users/signup\",\"status\":\"201\",\"responseTime\":\"89.463\"}","timestamp":"2025-01-19T16:22:01.041Z"}
{"level":"\u001b[31merror\u001b[39m","message":"User validation failed: gender: Validator failed for path `gender` with value `37`","timestamp":"2025-01-19T16:22:35.945Z"}
{"level":"\u001b[32minfo\u001b[39m","message":"{\"method\":\"POST\",\"url\":\"/api/users/signup\",\"status\":\"400\",\"responseTime\":\"405.738\"}","timestamp":"2025-01-19T16:22:35.947Z"}
{"level":"\u001b[31merror\u001b[39m","message":"User validation failed: gender: Validator failed for path `gender` with value `37`","timestamp":"2025-01-19T16:23:20.261Z"}
{"level":"\u001b[32minfo\u001b[39m","message":"{\"method\":\"POST\",\"url\":\"/api/users/signup\",\"status\":\"400\",\"responseTime\":\"54.981\"}","timestamp":"2025-01-19T16:23:20.264Z"}
{"level":"\u001b[31merror\u001b[39m","message":"User validation failed: gender: Validator failed for path `gender` with value `37`","timestamp":"2025-01-19T16:32:03.146Z"}
{"level":"\u001b[32minfo\u001b[39m","message":"{\"method\":\"POST\",\"url\":\"/api/users/signup\",\"status\":\"400\",\"responseTime\":\"70.705\"}","timestamp":"2025-01-19T16:32:03.151Z"}
{"level":"\u001b[31merror\u001b[39m","message":"User validation failed: gender: Validator failed for path `gender` with value `37`","timestamp":"2025-01-19T16:32:11.666Z"}
{"level":"\u001b[32minfo\u001b[39m","message":"{\"method\":\"POST\",\"url\":\"/api/users/signup\",\"status\":\"400\",\"responseTime\":\"33.098\"}","timestamp":"2025-01-19T16:32:11.667Z"}
{"level":"\u001b[31merror\u001b[39m","message":"User validation failed: gender: Validator failed for path `gender` with value `37`","timestamp":"2025-01-19T16:32:13.726Z"}
{"level":"\u001b[32minfo\u001b[39m","message":"{\"method\":\"POST\",\"url\":\"/api/users/signup\",\"status\":\"400\",\"responseTime\":\"46.026\"}","timestamp":"2025-01-19T16:32:13.727Z"}
{"level":"\u001b[32minfo\u001b[39m","message":"{\"method\":\"POST\",\"url\":\"/api/users/signup\",\"status\":\"201\",\"responseTime\":\"120.590\"}","timestamp":"2025-01-19T16:43:03.667Z"}
{"level":"\u001b[32minfo\u001b[39m","message":"{\"method\":\"POST\",\"url\":\"/api/users/signup\",\"status\":\"201\",\"responseTime\":\"521.738\"}","timestamp":"2025-01-19T16:43:46.300Z"}
{"level":"\u001b[32minfo\u001b[39m","message":"{\"method\":\"POST\",\"url\":\"/api/users/signup\",\"status\":\"201\",\"responseTime\":\"102.704\"}","timestamp":"2025-01-19T16:44:43.225Z"}
{"level":"\u001b[32minfo\u001b[39m","message":"{\"method\":\"POST\",\"url\":\"/api/users/signup\",\"status\":\"201\",\"responseTime\":\"111.695\"}","timestamp":"2025-01-19T16:49:12.741Z"}
{"level":"\u001b[32minfo\u001b[39m","message":"{\"method\":\"POST\",\"url\":\"/api/users/signup\",\"status\":\"201\",\"responseTime\":\"98.697\"}","timestamp":"2025-01-19T16:51:01.515Z"}
{"level":"\u001b[32minfo\u001b[39m","message":"{\"method\":\"GET\",\"url\":\"/api/users/all\",\"status\":\"200\",\"responseTime\":\"42.380\"}","timestamp":"2025-01-19T16:51:33.227Z"}
{"level":"\u001b[32minfo\u001b[39m","message":"{\"method\":\"POST\",\"url\":\"/api/users/signup\",\"status\":\"400\",\"responseTime\":\"394.262\"}","timestamp":"2025-01-19T18:05:14.119Z"}
{"level":"\u001b[32minfo\u001b[39m","message":"{\"method\":\"POST\",\"url\":\"/api/users/signup\",\"status\":\"400\",\"responseTime\":\"44.310\"}","timestamp":"2025-01-19T18:05:48.265Z"}
{"level":"\u001b[32minfo\u001b[39m","message":"{\"method\":\"POST\",\"url\":\"/api/users/signup\",\"status\":\"400\",\"responseTime\":\"36.295\"}","timestamp":"2025-01-19T18:05:49.270Z"}
{"level":"\u001b[32minfo\u001b[39m","message":"{\"method\":\"PATCH\",\"url\":\"/api/users/update\",\"status\":\"200\",\"responseTime\":\"775.149\"}","timestamp":"2025-01-19T18:11:51.123Z"}
{"level":"\u001b[32minfo\u001b[39m","message":"{\"method\":\"PATCH\",\"url\":\"/api/users/update\",\"status\":\"400\",\"responseTime\":\"77.915\"}","timestamp":"2025-01-19T18:32:22.729Z"}
{"level":"\u001b[32minfo\u001b[39m","message":"{\"method\":\"PATCH\",\"url\":\"/api/users/update\",\"status\":\"400\",\"responseTime\":\"0.638\"}","timestamp":"2025-01-19T18:32:34.183Z"}
{"level":"\u001b[32minfo\u001b[39m","message":"{\"method\":\"PATCH\",\"url\":\"/api/users/update\",\"status\":\"400\",\"responseTime\":\"0.443\"}","timestamp":"2025-01-19T18:32:37.507Z"}
{"level":"\u001b[32minfo\u001b[39m","message":"{\"method\":\"PATCH\",\"url\":\"/api/users/update\",\"status\":\"400\",\"responseTime\":\"6.923\"}","timestamp":"2025-01-19T18:43:44.880Z"}
{"level":"\u001b[32minfo\u001b[39m","message":"{\"method\":\"POST\",\"url\":\"/api/users/signup\",\"status\":\"201\",\"responseTime\":\"101.202\"}","timestamp":"2025-01-19T18:45:38.398Z"}
{"level":"\u001b[32minfo\u001b[39m","message":"{\"method\":\"PATCH\",\"url\":\"/api/users/update\",\"status\":\"400\",\"responseTime\":\"0.817\"}","timestamp":"2025-01-19T18:46:01.383Z"}
{"level":"\u001b[32minfo\u001b[39m","message":"{\"method\":\"PATCH\",\"url\":\"/api/users/update\",\"status\":\"400\",\"responseTime\":\"1.888\"}","timestamp":"2025-01-19T18:46:02.960Z"}
{"level":"\u001b[32minfo\u001b[39m","message":"{\"method\":\"PATCH\",\"url\":\"/api/users/update/678d48526460e9c7bccecb7e\",\"status\":\"200\",\"responseTime\":\"151.792\"}","timestamp":"2025-01-19T18:48:00.309Z"}
{"level":"\u001b[32minfo\u001b[39m","message":"{\"method\":\"PATCH\",\"url\":\"/api/users/update/678d48526460e9c7bccecb7e\",\"status\":\"200\",\"responseTime\":\"45.927\"}","timestamp":"2025-01-19T18:48:31.313Z"}
{"level":"\u001b[32minfo\u001b[39m","message":"{\"method\":\"PATCH\",\"url\":\"/api/users/update/678d48526460e9c7bccecb7e\",\"status\":\"200\",\"responseTime\":\"52.877\"}","timestamp":"2025-01-19T18:50:39.885Z"}
{"level":"\u001b[32minfo\u001b[39m","message":"{\"method\":\"PATCH\",\"url\":\"/api/users/update/678d48526460e9c7bccecb7e\",\"status\":\"200\",\"responseTime\":\"36.300\"}","timestamp":"2025-01-19T18:50:47.945Z"}
{"level":"\u001b[32minfo\u001b[39m","message":"{\"method\":\"PATCH\",\"url\":\"/api/users/update/678d48526460e9c7bccecb7e\",\"status\":\"200\",\"responseTime\":\"50.847\"}","timestamp":"2025-01-19T18:51:27.654Z"}
{"level":"\u001b[32minfo\u001b[39m","message":"{\"method\":\"PATCH\",\"url\":\"/api/users/update/678d48526460e9c7bccecb7e\",\"status\":\"200\",\"responseTime\":\"34.586\"}","timestamp":"2025-01-19T18:51:29.092Z"}
{"level":"\u001b[32minfo\u001b[39m","message":"{\"method\":\"GET\",\"url\":\"/\",\"status\":\"404\",\"responseTime\":\"8.867\"}","timestamp":"2025-01-20T06:57:27.266Z"}
{"level":"\u001b[32minfo\u001b[39m","message":"{\"method\":\"GET\",\"url\":\"/moengage-sw.js\",\"status\":\"404\",\"responseTime\":\"1.737\"}","timestamp":"2025-01-20T06:57:29.311Z"}
{"level":"\u001b[32minfo\u001b[39m","message":"{\"method\":\"GET\",\"url\":\"/moengage-sw.js\",\"status\":\"404\",\"responseTime\":\"0.256\"}","timestamp":"2025-01-20T06:57:58.276Z"}
{"level":"\u001b[32minfo\u001b[39m","message":"{\"method\":\"POST\",\"url\":\"/api/users/signup\",\"status\":\"400\",\"responseTime\":\"19.803\"}","timestamp":"2025-01-21T18:16:16.998Z"}
{"level":"\u001b[32minfo\u001b[39m","message":"{\"method\":\"POST\",\"url\":\"/api/users/signup\",\"status\":\"400\",\"responseTime\":\"2.011\"}","timestamp":"2025-01-21T18:16:22.867Z"}
{"level":"\u001b[32minfo\u001b[39m","message":"{\"method\":\"POST\",\"url\":\"/api/users/signup\",\"status\":\"201\",\"responseTime\":\"121.167\"}","timestamp":"2025-01-21T18:16:29.622Z"}
{"level":"\u001b[32minfo\u001b[39m","message":"{\"method\":\"GET\",\"url\":\"/api/users/login\",\"status\":\"404\",\"responseTime\":\"10.561\"}","timestamp":"2025-01-21T18:21:00.504Z"}
{"level":"\u001b[32minfo\u001b[39m","message":"{\"method\":\"POST\",\"url\":\"/api/users/login\",\"status\":\"200\",\"responseTime\":\"45.197\"}","timestamp":"2025-01-21T18:21:14.465Z"}
{"level":"\u001b[32minfo\u001b[39m","message":"{\"method\":\"POST\",\"url\":\"/api/users/signup\",\"status\":\"500\",\"responseTime\":\"9.060\"}","timestamp":"2025-01-21T18:34:33.313Z"}
{"level":"\u001b[32minfo\u001b[39m","message":"{\"method\":\"POST\",\"url\":\"/api/users/signup\",\"status\":\"500\",\"responseTime\":\"3.012\"}","timestamp":"2025-01-21T18:35:21.373Z"}
{"level":"\u001b[32minfo\u001b[39m","message":"{\"method\":\"POST\",\"url\":\"/api/users/signup\",\"status\":\"500\",\"responseTime\":\"9.361\"}","timestamp":"2025-01-21T18:36:51.682Z"}
{"level":"\u001b[32minfo\u001b[39m","message":"{\"method\":\"POST\",\"url\":\"/api/users/signup\",\"status\":\"500\",\"responseTime\":\"8.296\"}","timestamp":"2025-01-21T18:37:19.990Z"}
{"level":"\u001b[32minfo\u001b[39m","message":"{\"method\":\"POST\",\"url\":\"/api/users/signup\",\"status\":\"500\",\"responseTime\":\"1.539\"}","timestamp":"2025-01-21T18:37:21.583Z"}
{"level":"\u001b[32minfo\u001b[39m","message":"{\"method\":\"POST\",\"url\":\"/api/users/signup\",\"status\":\"500\",\"responseTime\":\"9.551\"}","timestamp":"2025-01-21T18:37:43.187Z"}
{"level":"\u001b[32minfo\u001b[39m","message":"{\"method\":\"POST\",\"url\":\"/api/users/signup\",\"status\":\"500\",\"responseTime\":\"1.425\"}","timestamp":"2025-01-21T18:37:44.383Z"}
{"level":"\u001b[32minfo\u001b[39m","message":"{\"method\":\"POST\",\"url\":\"/api/users/signup\",\"status\":\"500\",\"responseTime\":\"9.914\"}","timestamp":"2025-01-21T18:38:13.922Z"}
{"level":"\u001b[32minfo\u001b[39m","message":"{\"method\":\"POST\",\"url\":\"/api/users/login\",\"status\":\"200\",\"responseTime\":\"51.684\"}","timestamp":"2025-01-21T18:39:18.460Z"}
{"level":"\u001b[32minfo\u001b[39m","message":"{\"method\":\"POST\",\"url\":\"/api/users/login\",\"status\":\"400\",\"responseTime\":\"2.195\"}","timestamp":"2025-01-21T18:39:27.491Z"}
{"level":"\u001b[32minfo\u001b[39m","message":"{\"method\":\"POST\",\"url\":\"/api/users/login\",\"status\":\"200\",\"responseTime\":\"36.848\"}","timestamp":"2025-01-21T18:39:44.438Z"}
{"level":"\u001b[32minfo\u001b[39m","message":"{\"method\":\"POST\",\"url\":\"/api/users/login\",\"status\":\"400\",\"responseTime\":\"2.021\"}","timestamp":"2025-01-21T18:39:49.227Z"}
{"level":"\u001b[32minfo\u001b[39m","message":"{\"method\":\"POST\",\"url\":\"/api/users/login\",\"status\":\"200\",\"responseTime\":\"35.036\"}","timestamp":"2025-01-21T18:39:55.735Z"}
{"level":"\u001b[32minfo\u001b[39m","message":"{\"method\":\"POST\",\"url\":\"/api/users/login\",\"status\":\"400\",\"responseTime\":\"3.608\"}","timestamp":"2025-01-21T18:40:04.198Z"}
{"level":"\u001b[32minfo\u001b[39m","message":"{\"method\":\"POST\",\"url\":\"/api/users/login\",\"status\":\"400\",\"responseTime\":\"2.079\"}","timestamp":"2025-01-21T18:40:09.457Z"}
{"level":"\u001b[32minfo\u001b[39m","message":"{\"method\":\"POST\",\"url\":\"/api/users/login\",\"status\":\"400\",\"responseTime\":\"1.343\"}","timestamp":"2025-01-21T18:40:18.154Z"}
{"level":"\u001b[32minfo\u001b[39m","message":"{\"method\":\"POST\",\"url\":\"/api/users/signup\",\"status\":\"500\",\"responseTime\":\"2.155\"}","timestamp":"2025-01-21T18:40:23.689Z"}
{"level":"\u001b[32minfo\u001b[39m","message":"{\"method\":\"POST\",\"url\":\"/api/users/signup\",\"status\":\"500\",\"responseTime\":\"11.079\"}","timestamp":"2025-01-21T18:40:56.102Z"}
{"level":"\u001b[32minfo\u001b[39m","message":"{\"method\":\"POST\",\"url\":\"/api/users/signup\",\"status\":\"500\",\"responseTime\":\"2.109\"}","timestamp":"2025-01-21T18:41:14.593Z"}
{"level":"\u001b[32minfo\u001b[39m","message":"{\"method\":\"POST\",\"url\":\"/api/users/signup\",\"status\":\"500\",\"responseTime\":\"9.975\"}","timestamp":"2025-01-21T18:42:04.619Z"}
{"level":"\u001b[32minfo\u001b[39m","message":"{\"method\":\"POST\",\"url\":\"/api/users/signup\",\"status\":\"201\",\"responseTime\":\"95.965\"}","timestamp":"2025-01-21T18:42:41.793Z"}
{"level":"\u001b[32minfo\u001b[39m","message":"{\"method\":\"POST\",\"url\":\"/api/users/signup\",\"status\":\"500\",\"responseTime\":\"8.132\"}","timestamp":"2025-01-21T18:42:48.094Z"}
{"level":"\u001b[32minfo\u001b[39m","message":"{\"method\":\"POST\",\"url\":\"/api/users/signup\",\"status\":\"500\",\"responseTime\":\"2.574\"}","timestamp":"2025-01-21T18:44:12.567Z"}
{"level":"\u001b[32minfo\u001b[39m","message":"{\"method\":\"POST\",\"url\":\"/api/users/signup\",\"status\":\"500\",\"responseTime\":\"9.864\"}","timestamp":"2025-01-21T18:46:50.072Z"}
{"level":"\u001b[32minfo\u001b[39m","message":"{\"method\":\"POST\",\"url\":\"/api/users/signup\",\"status\":\"500\",\"responseTime\":\"11.638\"}","timestamp":"2025-01-21T18:47:10.576Z"}
{"level":"\u001b[32minfo\u001b[39m","message":"{\"method\":\"POST\",\"url\":\"/api/users/signup\",\"status\":\"500\",\"responseTime\":\"9.417\"}","timestamp":"2025-01-21T18:49:19.833Z"}
{"level":"\u001b[32minfo\u001b[39m","message":"{\"method\":\"POST\",\"url\":\"/api/users/login\",\"status\":\"200\",\"responseTime\":\"56.566\"}","timestamp":"2025-01-22T14:34:08.783Z"}
{"level":"\u001b[32minfo\u001b[39m","message":"{\"method\":\"POST\",\"url\":\"/api/users/signup\",\"status\":\"500\",\"responseTime\":\"3.955\"}","timestamp":"2025-01-22T14:34:14.966Z"}
{"level":"\u001b[32minfo\u001b[39m","message":"{\"method\":\"POST\",\"url\":\"/api/users/signup\",\"status\":\"500\",\"responseTime\":\"11.274\"}","timestamp":"2025-01-22T14:38:05.721Z"}
{"level":"\u001b[32minfo\u001b[39m","message":"{\"method\":\"POST\",\"url\":\"/api/users/signup\",\"status\":\"500\",\"responseTime\":\"1.544\"}","timestamp":"2025-01-22T14:38:06.797Z"}
{"level":"\u001b[32minfo\u001b[39m","message":"{\"method\":\"POST\",\"url\":\"/api/users/signup\",\"status\":\"400\",\"responseTime\":\"52.836\"}","timestamp":"2025-01-22T14:42:25.590Z"}
{"level":"\u001b[31merror\u001b[39m","message":"E11000 duplicate key error collection: GitTOGETHER.users index: firstName_1 dup key: { firstName: \"Nihal\" }","timestamp":"2025-01-22T14:42:37.049Z"}
{"level":"\u001b[32minfo\u001b[39m","message":"{\"method\":\"POST\",\"url\":\"/api/users/signup\",\"status\":\"400\",\"responseTime\":\"128.153\"}","timestamp":"2025-01-22T14:42:37.051Z"}
{"level":"\u001b[32minfo\u001b[39m","message":"{\"method\":\"POST\",\"url\":\"/api/users/signup\",\"status\":\"201\",\"responseTime\":\"110.948\"}","timestamp":"2025-01-22T14:49:51.851Z"}
{"level":"\u001b[31merror\u001b[39m","message":"E11000 duplicate key error collection: GitTOGETHER.users index: firstName_1 dup key: { firstName: \"Nihal\" }","timestamp":"2025-01-22T14:49:59.180Z"}
{"level":"\u001b[32minfo\u001b[39m","message":"{\"method\":\"POST\",\"url\":\"/api/users/signup\",\"status\":\"400\",\"responseTime\":\"88.552\"}","timestamp":"2025-01-22T14:49:59.182Z"}
{"level":"\u001b[32minfo\u001b[39m","message":"{\"method\":\"POST\",\"url\":\"/api/users/signup\",\"status\":\"201\",\"responseTime\":\"96.394\"}","timestamp":"2025-01-22T14:52:00.022Z"}
{"level":"\u001b[32minfo\u001b[39m","message":"{\"method\":\"POST\",\"url\":\"/api/users/signup\",\"status\":\"201\",\"responseTime\":\"87.250\"}","timestamp":"2025-01-22T14:53:25.096Z"}
{"level":"\u001b[32minfo\u001b[39m","message":"{\"method\":\"POST\",\"url\":\"/api/users/signup\",\"status\":\"201\",\"responseTime\":\"93.630\"}","timestamp":"2025-01-22T15:00:43.932Z"}
{"level":"\u001b[32minfo\u001b[39m","message":"{\"method\":\"POST\",\"url\":\"/api/users/signup\",\"status\":\"400\",\"responseTime\":\"54.662\"}","timestamp":"2025-01-22T15:00:53.377Z"}
{"level":"\u001b[32minfo\u001b[39m","message":"{\"method\":\"POST\",\"url\":\"/api/users/signup\",\"status\":\"201\",\"responseTime\":\"79.244\"}","timestamp":"2025-01-22T15:01:11.574Z"}
{"level":"\u001b[32minfo\u001b[39m","message":"{\"method\":\"POST\",\"url\":\"/api/users/signup\",\"status\":\"201\",\"responseTime\":\"73.832\"}","timestamp":"2025-01-22T15:01:51.617Z"}
{"level":"\u001b[32minfo\u001b[39m","message":"{\"method\":\"POST\",\"url\":\"/api/users/signup\",\"status\":\"400\",\"responseTime\":\"53.698\"}","timestamp":"2025-01-22T15:02:48.726Z"}
{"level":"\u001b[31merror\u001b[39m","message":"bcrypt is not defined","timestamp":"2025-01-22T15:03:02.867Z"}
{"level":"\u001b[32minfo\u001b[39m","message":"{\"method\":\"POST\",\"url\":\"/api/users/signup\",\"status\":\"400\",\"responseTime\":\"36.931\"}","timestamp":"2025-01-22T15:03:02.868Z"}
{"level":"\u001b[32minfo\u001b[39m","message":"{\"method\":\"POST\",\"url\":\"/api/users/signup\",\"status\":\"201\",\"responseTime\":\"177.494\"}","timestamp":"2025-01-22T15:03:41.176Z"}
{"level":"\u001b[32minfo\u001b[39m","message":"{\"method\":\"POST\",\"url\":\"/api/users/signup\",\"status\":\"201\",\"responseTime\":\"186.121\"}","timestamp":"2025-01-22T15:04:18.307Z"}
{"level":"\u001b[32minfo\u001b[39m","message":"{\"method\":\"POST\",\"url\":\"/api/users/login\",\"status\":\"401\",\"responseTime\":\"137.124\"}","timestamp":"2025-01-22T15:05:51.554Z"}
{"level":"\u001b[32minfo\u001b[39m","message":"{\"method\":\"POST\",\"url\":\"/api/users/login\",\"status\":\"200\",\"responseTime\":\"121.295\"}","timestamp":"2025-01-22T15:06:01.682Z"}
{"level":"\u001b[32minfo\u001b[39m","message":"{\"method\":\"POST\",\"url\":\"/api/users/login\",\"status\":\"400\",\"responseTime\":\"11.742\"}","timestamp":"2025-01-22T15:08:29.199Z"}
{"level":"\u001b[32minfo\u001b[39m","message":"{\"method\":\"POST\",\"url\":\"/api/users/login\",\"status\":\"400\",\"responseTime\":\"10.610\"}","timestamp":"2025-01-22T15:08:52.031Z"}
{"level":"\u001b[32minfo\u001b[39m","message":"{\"method\":\"POST\",\"url\":\"/api/users/login\",\"status\":\"400\",\"responseTime\":\"3.143\"}","timestamp":"2025-01-22T15:09:08.433Z"}
{"level":"\u001b[32minfo\u001b[39m","message":"{\"method\":\"POST\",\"url\":\"/api/users/login\",\"status\":\"200\",\"responseTime\":\"134.365\"}","timestamp":"2025-01-22T15:09:11.980Z"}
{"level":"\u001b[32minfo\u001b[39m","message":"{\"method\":\"POST\",\"url\":\"/api/users/login\",\"status\":\"400\",\"responseTime\":\"50.025\"}","timestamp":"2025-01-22T15:10:33.805Z"}
{"level":"\u001b[32minfo\u001b[39m","message":"{\"method\":\"POST\",\"url\":\"/api/users/login\",\"status\":\"400\",\"responseTime\":\"51.444\"}","timestamp":"2025-01-22T15:11:01.026Z"}
{"level":"\u001b[32minfo\u001b[39m","message":"{\"method\":\"POST\",\"url\":\"/api/users/login\",\"status\":\"400\",\"responseTime\":\"49.321\"}","timestamp":"2025-01-22T15:11:15.691Z"}
{"level":"\u001b[32minfo\u001b[39m","message":"{\"method\":\"POST\",\"url\":\"/api/users/login\",\"status\":\"400\",\"responseTime\":\"49.126\"}","timestamp":"2025-01-22T15:11:34.842Z"}
{"level":"\u001b[32minfo\u001b[39m","message":"{\"method\":\"POST\",\"url\":\"/api/users/login\",\"status\":\"400\",\"responseTime\":\"47.319\"}","timestamp":"2025-01-22T15:11:48.523Z"}
{"level":"\u001b[31merror\u001b[39m","message":"User not found","timestamp":"2025-01-22T15:12:16.728Z"}
{"level":"\u001b[32minfo\u001b[39m","message":"{\"method\":\"POST\",\"url\":\"/api/users/login\",\"status\":\"400\",\"responseTime\":\"55.446\"}","timestamp":"2025-01-22T15:12:16.735Z"}
{"level":"\u001b[31merror\u001b[39m","message":"Password does not match","timestamp":"2025-01-22T15:12:31.503Z"}
{"level":"\u001b[32minfo\u001b[39m","message":"{\"method\":\"POST\",\"url\":\"/api/users/login\",\"status\":\"400\",\"responseTime\":\"131.690\"}","timestamp":"2025-01-22T15:12:31.503Z"}
{"level":"\u001b[32minfo\u001b[39m","message":"{\"method\":\"POST\",\"url\":\"/api/users/signup\",\"status\":\"400\",\"responseTime\":\"3.888\"}","timestamp":"2025-01-22T15:13:49.487Z"}
{"level":"\u001b[32minfo\u001b[39m","message":"{\"method\":\"POST\",\"url\":\"/api/users/signup\",\"status\":\"400\",\"responseTime\":\"3.035\"}","timestamp":"2025-01-22T15:13:54.446Z"}
{"level":"\u001b[32minfo\u001b[39m","message":"{\"method\":\"POST\",\"url\":\"/api/users/signup\",\"status\":\"400\",\"responseTime\":\"2.273\"}","timestamp":"2025-01-22T15:13:59.430Z"}
{"level":"\u001b[32minfo\u001b[39m","message":"{\"method\":\"POST\",\"url\":\"/api/users/signup\",\"status\":\"201\",\"responseTime\":\"194.778\"}","timestamp":"2025-01-22T15:14:04.702Z"}
{"level":"\u001b[31merror\u001b[39m","message":"Invalid Creadentials","timestamp":"2025-01-22T15:16:57.151Z"}
{"level":"\u001b[32minfo\u001b[39m","message":"{\"method\":\"POST\",\"url\":\"/api/users/login\",\"status\":\"400\",\"responseTime\":\"137.536\"}","timestamp":"2025-01-22T15:16:57.157Z"}
{"level":"\u001b[32minfo\u001b[39m","message":"{\"method\":\"POST\",\"url\":\"/api/users/login\",\"status\":\"200\",\"responseTime\":\"126.836\"}","timestamp":"2025-01-22T15:17:00.094Z"}
